* installing *source* package ‘punitroots’ ...
** R
** data
**  moving datasets to lazyload DB
** inst
** preparing package for lazy loading
Loading required package: dynlm
Loading required package: zoo
Loading required package: lmtest
Loading required package: car
Loading required package: MASS
Loading required package: nnet
Loading required package: survival
Loading required package: splines
Loading required package: sandwich
Loading required package: tseries
Loading required package: quadprog
Loading required package: urca
** help
*** installing help indices
** building package indices ...
** testing if installed package can be loaded

* DONE (punitroots)
